<?xml version="1.0" encoding="UTF-8"?>
<beans xmlns="http://www.springframework.org/schema/beans"
	xmlns:xsi="http://www.w3.org/2001/XMLSchema-instance" xmlns:context="http://www.springframework.org/schema/context"
	xmlns:tx="http://www.springframework.org/schema/tx" xmlns:security="http://www.springframework.org/schema/security"
	xmlns:p="http://www.springframework.org/schema/p"
	xsi:schemaLocation="http://www.springframework.org/schema/security http://www.springframework.org/schema/security/spring-security-3.2.xsd
		http://www.springframework.org/schema/beans http://www.springframework.org/schema/beans/spring-beans-3.2.xsd
		http://www.springframework.org/schema/tx http://www.springframework.org/schema/tx/spring-tx-3.2.xsd
		http://www.springframework.org/schema/context http://www.springframework.org/schema/context/spring-context-3.2.xsd">

   <import resource="test-cache.xml"/>
   
   <!--  
      <bean id="schControlHandler" class="com.jeesuite.scheduler.distribute.RedisControlHandler">
         <property name="servers" value="localhost:6379" /> 
    </bean>
   -->
    
     <bean id="schControlHandler" class="com.jeesuite.scheduler.distribute.ZkControlHandler">
       <property name="zkServers" value="localhost:2181" />
    </bean>
   

    
	<bean class="com.jeesuite.scheduler.SchedulerFactoryBeanWrapper">
	    <!-- 确保每个应用groupName唯一 -->
	    <property name="groupName" value="demo" />
		<property name="schedulers">
			<list>
				<bean class="com.jeesuite.test.sch.DemoTask">
					<property name="jobName" value="task1" />
					<property name="cronExpr" value="30 * * * * ?" />
					<property name="controlHandler" ref="schControlHandler" />
					<!-- 启动完成立即执行一次 -->
					<property name="executeOnStarted" value="true" />
				</bean>
				<bean class="com.jeesuite.test.sch.DemoTask2">
					<property name="jobName" value="task2" />
					<property name="cronExpr" value="30 * * * * ?" />
					<property name="controlHandler" ref="schControlHandler" />
				</bean>
			</list>
		</property>
	</bean>

</beans>