<?xml version="1.0" encoding="UTF-8"?>
<beans xmlns="http://www.springframework.org/schema/beans"
	xmlns:xsi="http://www.w3.org/2001/XMLSchema-instance" xmlns:context="http://www.springframework.org/schema/context"
	xsi:schemaLocation="http://www.springframework.org/schema/beans http://www.springframework.org/schema/beans/spring-beans-4.0.xsd
                            http://www.springframework.org/schema/context http://www.springframework.org/schema/context/spring-context-4.0.xsd">


<context:property-placeholder
		ignore-unresolvable="true" location="classpath*:*.properties" />
		
    <bean id="topicProducerProvider" class="com.jeesuite.kafka.spring.TopicProducerSpringProvider">
        <!-- 默认是否异步发送 -->
        <property name="defaultAsynSend" value="true" />
        <!-- 标识同一集群，监控需要 -->
        <property name="producerGroup" value="demo" />
        <property name="configs">
            <!-- 以下参数参考:http://kafka.apache.org/documentation.html#producerconfigs -->
            <props>
                <prop key="bootstrap.servers" >${kafka.servers}</prop>
                <prop key="acks">1</prop>
                <prop key="retries">1</prop>
                <!-- <prop key="value.serializer">org.apache.kafka.common.serialization.StringSerializer</prop> -->
            </props>
        </property>
    </bean>
    
   
   
</beans>